[0912/205052.376:ERROR:process_memory_win.cc(73)] ReadMemory at 0x7ff680c30000 of 64 bytes failed: Only part of a ReadProcessMemory or WriteProcessMemory request was completed. (0x12B)
[0912/205052.752:WARNING:pe_image_reader.cc(340)] could not read dos header from C:\Program Files (x86)\Google\Chrome\Application\chrome.exe
[0912/205052.752:ERROR:process_memory_win.cc(73)] ReadMemory at 0x7ffd4d860000 of 64 bytes failed: Only part of a ReadProcessMemory or WriteProcessMemory request was completed. (0x12B)
[0912/205052.752:WARNING:pe_image_reader.cc(340)] could not read dos header from C:\Windows\SYSTEM32\ntdll.dll
[0912/205052.752:ERROR:process_memory_win.cc(73)] ReadMemory at 0x7ffd4b740000 of 64 bytes failed: Only part of a ReadProcessMemory or WriteProcessMemory request was completed. (0x12B)
[0912/205052.752:WARNING:pe_image_reader.cc(340)] could not read dos header from C:\Windows\system32\KERNEL32.DLL
[0912/205052.752:ERROR:process_memory_win.cc(73)] ReadMemory at 0x7ffd4ad60000 of 64 bytes failed: Only part of a ReadProcessMemory or WriteProcessMemory request was completed. (0x12B)
[0912/205052.752:WARNING:pe_image_reader.cc(340)] could not read dos header from C:\Windows\system32\KERNELBASE.dll
[0912/205052.752:ERROR:process_memory_win.cc(73)] ReadMemory at 0x7ffd36aa0000 of 64 bytes failed: Only part of a ReadProcessMemory or WriteProcessMemory request was completed. (0x12B)
[0912/205052.752:WARNING:pe_image_reader.cc(340)] could not read dos header from C:\Program Files (x86)\Google\Chrome\Application\85.0.4183.102\chrome_elf.dll
[0912/205052.752:ERROR:process_memory_win.cc(73)] ReadMemory at 0x7ffd418b0000 of 64 bytes failed: Only part of a ReadProcessMemory or WriteProcessMemory request was completed. (0x12B)
[0912/205052.752:WARNING:pe_image_reader.cc(340)] could not read dos header from C:\Windows\SYSTEM32\VERSION.dll
[0912/205052.752:ERROR:process_memory_win.cc(73)] ReadMemory at 0x7ffd4be70000 of 64 bytes failed: Only part of a ReadProcessMemory or WriteProcessMemory request was completed. (0x12B)
[0912/205052.752:WARNING:pe_image_reader.cc(340)] could not read dos header from C:\Windows\system32\msvcrt.dll
[0912/205052.752:ERROR:process_memory_win.cc(73)] ReadMemory at 0x7ffd4b0c0000 of 64 bytes failed: Only part of a ReadProcessMemory or WriteProcessMemory request was completed. (0x12B)
[0912/205052.752:WARNING:pe_image_reader.cc(340)] could not read dos header from C:\Windows\system32\ADVAPI32.dll
[0912/205052.752:ERROR:process_memory_win.cc(73)] ReadMemory at 0x7ffd4c020000 of 64 bytes failed: Only part of a ReadProcessMemory or WriteProcessMemory request was completed. (0x12B)
[0912/205052.752:WARNING:pe_image_reader.cc(340)] could not read dos header from C:\Windows\SYSTEM32\sechost.dll
[0912/205052.752:ERROR:process_memory_win.cc(73)] ReadMemory at 0x7ffd4b460000 of 64 bytes failed: Only part of a ReadProcessMemory or WriteProcessMemory request was completed. (0x12B)
[0912/205052.752:WARNING:pe_image_reader.cc(340)] could not read dos header from C:\Windows\system32\RPCRT4.dll
[0912/205052.752:ERROR:process_memory_win.cc(73)] ReadMemory at 0x7ffd4ab50000 of 64 bytes failed: Only part of a ReadProcessMemory or WriteProcessMemory request was completed. (0x12B)
[0912/205052.752:WARNING:pe_image_reader.cc(340)] could not read dos header from C:\Windows\system32\SspiCli.dll
[0912/205052.752:ERROR:process_memory_win.cc(73)] ReadMemory at 0x7ffd29040000 of 64 bytes failed: Only part of a ReadProcessMemory or WriteProcessMemory request was completed. (0x12B)
[0912/205052.752:WARNING:pe_image_reader.cc(340)] could not read dos header from C:\Program Files (x86)\Google\Chrome\Application\85.0.4183.102\chrome.dll
[0912/205052.752:ERROR:process_memory_win.cc(73)] ReadMemory at 0x7ffd4d7a0000 of 64 bytes failed: Only part of a ReadProcessMemory or WriteProcessMemory request was completed. (0x12B)
[0912/205052.752:WARNING:pe_image_reader.cc(340)] could not read dos header from C:\Windows\system32\WS2_32.dll
[0912/205052.752:ERROR:process_memory_win.cc(73)] ReadMemory at 0x7ffd44090000 of 64 bytes failed: Only part of a ReadProcessMemory or WriteProcessMemory request was completed. (0x12B)
[0912/205052.752:WARNING:pe_image_reader.cc(340)] could not read dos header from C:\Windows\SYSTEM32\IPHLPAPI.DLL
[0912/205052.752:ERROR:process_memory_win.cc(73)] ReadMemory at 0x7ffd4bf40000 of 64 bytes failed: Only part of a ReadProcessMemory or WriteProcessMemory request was completed. (0x12B)
[0912/205052.752:WARNING:pe_image_reader.cc(340)] could not read dos header from C:\Windows\system32\OLEAUT32.dll
[0912/205052.752:ERROR:process_memory_win.cc(73)] ReadMemory at 0x7ffd40da0000 of 64 bytes failed: Only part of a ReadProcessMemory or WriteProcessMemory request was completed. (0x12B)
[0912/205052.752:WARNING:pe_image_reader.cc(340)] could not read dos header from C:\Windows\SYSTEM32\WINMM.dll
[0912/205052.752:ERROR:process_memory_win.cc(73)] ReadMemory at 0x7ffd442d0000 of 64 bytes failed: Only part of a ReadProcessMemory or WriteProcessMemory request was completed. (0x12B)
[0912/205052.752:WARNING:pe_image_reader.cc(340)] could not read dos header from C:\Windows\SYSTEM32\UIAutomationCore.DLL
[0912/205052.752:ERROR:process_memory_win.cc(73)] ReadMemory at 0x7ffd430d0000 of 64 bytes failed: Only part of a ReadProcessMemory or WriteProcessMemory request was completed. (0x12B)
[0912/205052.752:WARNING:pe_image_reader.cc(340)] could not read dos header from C:\Windows\SYSTEM32\Secur32.dll
[0912/205052.752:ERROR:process_memory_win.cc(73)] ReadMemory at 0x7ffd49f50000 of 64 bytes failed: Only part of a ReadProcessMemory or WriteProcessMemory request was completed. (0x12B)
[0912/205052.752:WARNING:pe_image_reader.cc(340)] could not read dos header from C:\Windows\SYSTEM32\USERENV.dll
[0912/205052.752:ERROR:process_memory_win.cc(73)] ReadMemory at 0x7ffd4ae80000 of 64 bytes failed: Only part of a ReadProcessMemory or WriteProcessMemory request was completed. (0x12B)
[0912/205052.752:WARNING:pe_image_reader.cc(340)] could not read dos header from C:\Windows\system32\WINTRUST.dll
[0912/205052.752:ERROR:process_memory_win.cc(73)] ReadMemory at 0x7ffd4ab80000 of 64 bytes failed: Only part of a ReadProcessMemory or WriteProcessMemory request was completed. (0x12B)
[0912/205052.752:WARNING:pe_image_reader.cc(340)] could not read dos header from C:\Windows\system32\CRYPT32.dll
[0912/205052.752:ERROR:process_memory_win.cc(73)] ReadMemory at 0x7ffd469d0000 of 64 bytes failed: Only part of a ReadProcessMemory or WriteProcessMemory request was completed. (0x12B)
[0912/205052.752:WARNING:pe_image_reader.cc(340)] could not read dos header from C:\Windows\SYSTEM32\DWrite.dll
[0912/205052.752:ERROR:process_memory_win.cc(73)] ReadMemory at 0x7ffd41710000 of 64 bytes failed: Only part of a ReadProcessMemory or WriteProcessMemory request was completed. (0x12B)
[0912/205052.752:WARNING:pe_image_reader.cc(340)] could not read dos header from C:\Windows\SYSTEM32\WINSPOOL.DRV
[0912/205052.752:ERROR:process_memory_win.cc(73)] ReadMemory at 0x7ffd375f0000 of 64 bytes failed: Only part of a ReadProcessMemory or WriteProcessMemory request was completed. (0x12B)
[0912/205052.752:WARNING:pe_image_reader.cc(340)] could not read dos header from C:\Windows\SYSTEM32\dbghelp.dll
[0912/205052.752:ERROR:process_memory_win.cc(73)] ReadMemory at 0x7ffd40dd0000 of 64 bytes failed: Only part of a ReadProcessMemory or WriteProcessMemory request was completed. (0x12B)
[0912/205052.752:WARNING:pe_image_reader.cc(340)] could not read dos header from C:\Windows\SYSTEM32\WINHTTP.dll
[0912/205052.752:ERROR:process_memory_win.cc(73)] ReadMemory at 0x7ffd43d90000 of 64 bytes failed: Only part of a ReadProcessMemory or WriteProcessMemory request was completed. (0x12B)
[0912/205052.752:WARNING:pe_image_reader.cc(340)] could not read dos header from C:\Windows\SYSTEM32\dhcpcsvc.DLL
[0912/205052.752:ERROR:process_memory_win.cc(73)] ReadMemory at 0x7ffd4b450000 of 64 bytes failed: Only part of a ReadProcessMemory or WriteProcessMemory request was completed. (0x12B)
[0912/205052.752:WARNING:pe_image_reader.cc(340)] could not read dos header from C:\Windows\system32\NSI.dll
[0912/205052.752:ERROR:process_memory_win.cc(73)] ReadMemory at 0x7ffd44030000 of 64 bytes failed: Only part of a ReadProcessMemory or WriteProcessMemory request was completed. (0x12B)
[0912/205052.752:WARNING:pe_image_reader.cc(340)] could not read dos header from C:\Windows\SYSTEM32\WINNSI.DLL
[0912/205052.752:ERROR:process_memory_win.cc(73)] ReadMemory at 0x7ffd4b230000 of 64 bytes failed: Only part of a ReadProcessMemory or WriteProcessMemory request was completed. (0x12B)
[0912/205052.752:WARNING:pe_image_reader.cc(340)] could not read dos header from C:\Windows\system32\combase.dll
[0912/205052.752:ERROR:process_memory_win.cc(73)] ReadMemory at 0x7ffd409d0000 of 64 bytes failed: Only part of a ReadProcessMemory or WriteProcessMemory request was completed. (0x12B)
[0912/205052.752:WARNING:pe_image_reader.cc(340)] could not read dos header from C:\Windows\SYSTEM32\WINMMBASE.dll
[0912/205052.752:ERROR:process_memory_win.cc(73)] ReadMemory at 0x7ffd4c080000 of 64 bytes failed: Only part of a ReadProcessMemory or WriteProcessMemory request was completed. (0x12B)
[0912/205052.752:WARNING:pe_image_reader.cc(340)] could not read dos header from C:\Windows\system32\USER32.dll
[0912/205052.752:ERROR:process_memory_win.cc(73)] ReadMemory at 0x7ffd4a980000 of 64 bytes failed: Only part of a ReadProcessMemory or WriteProcessMemory request was completed. (0x12B)
[0912/205052.752:WARNING:pe_image_reader.cc(340)] could not read dos header from C:\Windows\SYSTEM32\profapi.dll
[0912/205052.752:ERROR:process_memory_win.cc(73)] ReadMemory at 0x7ffd4aa30000 of 64 bytes failed: Only part of a ReadProcessMemory or WriteProcessMemory request was completed. (0x12B)
[0912/205052.752:WARNING:pe_image_reader.cc(340)] could not read dos header from C:\Windows\system32\MSASN1.dll
[0912/205052.752:ERROR:process_memory_win.cc(73)] ReadMemory at 0x7ffd4aa50000 of 64 bytes failed: Only part of a ReadProcessMemory or WriteProcessMemory request was completed. (0x12B)
[0912/205052.752:WARNING:pe_image_reader.cc(340)] could not read dos header from C:\Windows\SYSTEM32\cfgmgr32.dll
[0912/205052.752:ERROR:process_memory_win.cc(73)] ReadMemory at 0x7ffd497b0000 of 64 bytes failed: Only part of a ReadProcessMemory or WriteProcessMemory request was completed. (0x12B)
[0912/205052.752:WARNING:pe_image_reader.cc(340)] could not read dos header from C:\Windows\SYSTEM32\DEVOBJ.dll
[0912/205052.752:ERROR:process_memory_win.cc(73)] ReadMemory at 0x7ffd4b5a0000 of 64 bytes failed: Only part of a ReadProcessMemory or WriteProcessMemory request was completed. (0x12B)
[0912/205052.752:WARNING:pe_image_reader.cc(340)] could not read dos header from C:\Windows\system32\GDI32.dll
[0912/205052.752:ERROR:process_memory_win.cc(73)] ReadMemory at 0x7ffd4b700000 of 64 bytes failed: Only part of a ReadProcessMemory or WriteProcessMemory request was completed. (0x12B)
[0912/205052.752:WARNING:pe_image_reader.cc(340)] could not read dos header from C:\Windows\system32\IMM32.DLL
[0912/205052.752:ERROR:process_memory_win.cc(73)] ReadMemory at 0x7ffd4bcb0000 of 64 bytes failed: Only part of a ReadProcessMemory or WriteProcessMemory request was completed. (0x12B)
[0912/205052.752:WARNING:pe_image_reader.cc(340)] could not read dos header from C:\Windows\system32\MSCTF.dll
[0912/205052.752:ERROR:process_memory_win.cc(73)] ReadMemory at 0x7ffd4a850000 of 64 bytes failed: Only part of a ReadProcessMemory or WriteProcessMemory request was completed. (0x12B)
[0912/205052.752:WARNING:pe_image_reader.cc(340)] could not read dos header from C:\Windows\SYSTEM32\CRYPTBASE.DLL
[0912/205052.752:ERROR:process_memory_win.cc(73)] ReadMemory at 0x7ffd4a780000 of 64 bytes failed: Only part of a ReadProcessMemory or WriteProcessMemory request was completed. (0x12B)
[0912/205052.752:WARNING:pe_image_reader.cc(340)] could not read dos header from C:\Windows\SYSTEM32\bcryptPrimitives.dll
[0912/205052.767:ERROR:process_memory_win.cc(73)] ReadMemory at 0x7ff680c30000 of 64 bytes failed: Only part of a ReadProcessMemory or WriteProcessMemory request was completed. (0x12B)
[0912/205052.767:WARNING:pe_image_reader.cc(340)] could not read dos header from C:\Program Files (x86)\Google\Chrome\Application\chrome.exe
[0912/205052.767:ERROR:process_memory_win.cc(73)] ReadMemory at 0x7ffd4d860000 of 64 bytes failed: Only part of a ReadProcessMemory or WriteProcessMemory request was completed. (0x12B)
[0912/205052.767:WARNING:pe_image_reader.cc(340)] could not read dos header from C:\Windows\SYSTEM32\ntdll.dll
[0912/205052.767:ERROR:process_memory_win.cc(73)] ReadMemory at 0x7ffd4b740000 of 64 bytes failed: Only part of a ReadProcessMemory or WriteProcessMemory request was completed. (0x12B)
[0912/205052.767:WARNING:pe_image_reader.cc(340)] could not read dos header from C:\Windows\system32\KERNEL32.DLL
[0912/205052.767:ERROR:process_memory_win.cc(73)] ReadMemory at 0x7ffd4ad60000 of 64 bytes failed: Only part of a ReadProcessMemory or WriteProcessMemory request was completed. (0x12B)
[0912/205052.767:WARNING:pe_image_reader.cc(340)] could not read dos header from C:\Windows\system32\KERNELBASE.dll
[0912/205052.767:ERROR:process_memory_win.cc(73)] ReadMemory at 0x7ffd36aa0000 of 64 bytes failed: Only part of a ReadProcessMemory or WriteProcessMemory request was completed. (0x12B)
[0912/205052.767:WARNING:pe_image_reader.cc(340)] could not read dos header from C:\Program Files (x86)\Google\Chrome\Application\85.0.4183.102\chrome_elf.dll
[0912/205052.767:ERROR:process_memory_win.cc(73)] ReadMemory at 0x7ffd418b0000 of 64 bytes failed: Only part of a ReadProcessMemory or WriteProcessMemory request was completed. (0x12B)
[0912/205052.767:WARNING:pe_image_reader.cc(340)] could not read dos header from C:\Windows\SYSTEM32\VERSION.dll
[0912/205052.767:ERROR:process_memory_win.cc(73)] ReadMemory at 0x7ffd4be70000 of 64 bytes failed: Only part of a ReadProcessMemory or WriteProcessMemory request was completed. (0x12B)
[0912/205052.767:WARNING:pe_image_reader.cc(340)] could not read dos header from C:\Windows\system32\msvcrt.dll
[0912/205052.767:ERROR:process_memory_win.cc(73)] ReadMemory at 0x7ffd4b0c0000 of 64 bytes failed: Only part of a ReadProcessMemory or WriteProcessMemory request was completed. (0x12B)
[0912/205052.767:WARNING:pe_image_reader.cc(340)] could not read dos header from C:\Windows\system32\ADVAPI32.dll
[0912/205052.767:ERROR:process_memory_win.cc(73)] ReadMemory at 0x7ffd4c020000 of 64 bytes failed: Only part of a ReadProcessMemory or WriteProcessMemory request was completed. (0x12B)
[0912/205052.767:WARNING:pe_image_reader.cc(340)] could not read dos header from C:\Windows\SYSTEM32\sechost.dll
[0912/205052.767:ERROR:process_memory_win.cc(73)] ReadMemory at 0x7ffd4b460000 of 64 bytes failed: Only part of a ReadProcessMemory or WriteProcessMemory request was completed. (0x12B)
[0912/205052.767:WARNING:pe_image_reader.cc(340)] could not read dos header from C:\Windows\system32\RPCRT4.dll
[0912/205052.767:ERROR:process_memory_win.cc(73)] ReadMemory at 0x7ffd4ab50000 of 64 bytes failed: Only part of a ReadProcessMemory or WriteProcessMemory request was completed. (0x12B)
[0912/205052.767:WARNING:pe_image_reader.cc(340)] could not read dos header from C:\Windows\system32\SspiCli.dll
[0912/205052.767:ERROR:process_memory_win.cc(73)] ReadMemory at 0x7ffd29040000 of 64 bytes failed: Only part of a ReadProcessMemory or WriteProcessMemory request was completed. (0x12B)
[0912/205052.767:WARNING:pe_image_reader.cc(340)] could not read dos header from C:\Program Files (x86)\Google\Chrome\Application\85.0.4183.102\chrome.dll
[0912/205052.767:ERROR:process_memory_win.cc(73)] ReadMemory at 0x7ffd4d7a0000 of 64 bytes failed: Only part of a ReadProcessMemory or WriteProcessMemory request was completed. (0x12B)
[0912/205052.767:WARNING:pe_image_reader.cc(340)] could not read dos header from C:\Windows\system32\WS2_32.dll
[0912/205052.767:ERROR:process_memory_win.cc(73)] ReadMemory at 0x7ffd44090000 of 64 bytes failed: Only part of a ReadProcessMemory or WriteProcessMemory request was completed. (0x12B)
[0912/205052.767:WARNING:pe_image_reader.cc(340)] could not read dos header from C:\Windows\SYSTEM32\IPHLPAPI.DLL
[0912/205052.767:ERROR:process_memory_win.cc(73)] ReadMemory at 0x7ffd4bf40000 of 64 bytes failed: Only part of a ReadProcessMemory or WriteProcessMemory request was completed. (0x12B)
[0912/205052.767:WARNING:pe_image_reader.cc(340)] could not read dos header from C:\Windows\system32\OLEAUT32.dll
[0912/205052.767:ERROR:process_memory_win.cc(73)] ReadMemory at 0x7ffd40da0000 of 64 bytes failed: Only part of a ReadProcessMemory or WriteProcessMemory request was completed. (0x12B)
[0912/205052.767:WARNING:pe_image_reader.cc(340)] could not read dos header from C:\Windows\SYSTEM32\WINMM.dll
[0912/205052.767:ERROR:process_memory_win.cc(73)] ReadMemory at 0x7ffd442d0000 of 64 bytes failed: Only part of a ReadProcessMemory or WriteProcessMemory request was completed. (0x12B)
[0912/205052.767:WARNING:pe_image_reader.cc(340)] could not read dos header from C:\Windows\SYSTEM32\UIAutomationCore.DLL
[0912/205052.767:ERROR:process_memory_win.cc(73)] ReadMemory at 0x7ffd430d0000 of 64 bytes failed: Only part of a ReadProcessMemory or WriteProcessMemory request was completed. (0x12B)
[0912/205052.767:WARNING:pe_image_reader.cc(340)] could not read dos header from C:\Windows\SYSTEM32\Secur32.dll
[0912/205052.767:ERROR:process_memory_win.cc(73)] ReadMemory at 0x7ffd49f50000 of 64 bytes failed: Only part of a ReadProcessMemory or WriteProcessMemory request was completed. (0x12B)
[0912/205052.767:WARNING:pe_image_reader.cc(340)] could not read dos header from C:\Windows\SYSTEM32\USERENV.dll
[0912/205052.767:ERROR:process_memory_win.cc(73)] ReadMemory at 0x7ffd4ae80000 of 64 bytes failed: Only part of a ReadProcessMemory or WriteProcessMemory request was completed. (0x12B)
[0912/205052.767:WARNING:pe_image_reader.cc(340)] could not read dos header from C:\Windows\system32\WINTRUST.dll
[0912/205052.767:ERROR:process_memory_win.cc(73)] ReadMemory at 0x7ffd4ab80000 of 64 bytes failed: Only part of a ReadProcessMemory or WriteProcessMemory request was completed. (0x12B)
[0912/205052.767:WARNING:pe_image_reader.cc(340)] could not read dos header from C:\Windows\system32\CRYPT32.dll
[0912/205052.767:ERROR:process_memory_win.cc(73)] ReadMemory at 0x7ffd469d0000 of 64 bytes failed: Only part of a ReadProcessMemory or WriteProcessMemory request was completed. (0x12B)
[0912/205052.767:WARNING:pe_image_reader.cc(340)] could not read dos header from C:\Windows\SYSTEM32\DWrite.dll
[0912/205052.767:ERROR:process_memory_win.cc(73)] ReadMemory at 0x7ffd41710000 of 64 bytes failed: Only part of a ReadProcessMemory or WriteProcessMemory request was completed. (0x12B)
[0912/205052.767:WARNING:pe_image_reader.cc(340)] could not read dos header from C:\Windows\SYSTEM32\WINSPOOL.DRV
[0912/205052.767:ERROR:process_memory_win.cc(73)] ReadMemory at 0x7ffd375f0000 of 64 bytes failed: Only part of a ReadProcessMemory or WriteProcessMemory request was completed. (0x12B)
[0912/205052.767:WARNING:pe_image_reader.cc(340)] could not read dos header from C:\Windows\SYSTEM32\dbghelp.dll
[0912/205052.767:ERROR:process_memory_win.cc(73)] ReadMemory at 0x7ffd40dd0000 of 64 bytes failed: Only part of a ReadProcessMemory or WriteProcessMemory request was completed. (0x12B)
[0912/205052.767:WARNING:pe_image_reader.cc(340)] could not read dos header from C:\Windows\SYSTEM32\WINHTTP.dll
[0912/205052.767:ERROR:process_memory_win.cc(73)] ReadMemory at 0x7ffd43d90000 of 64 bytes failed: Only part of a ReadProcessMemory or WriteProcessMemory request was completed. (0x12B)
[0912/205052.767:WARNING:pe_image_reader.cc(340)] could not read dos header from C:\Windows\SYSTEM32\dhcpcsvc.DLL
[0912/205052.767:ERROR:process_memory_win.cc(73)] ReadMemory at 0x7ffd4b450000 of 64 bytes failed: Only part of a ReadProcessMemory or WriteProcessMemory request was completed. (0x12B)
[0912/205052.767:WARNING:pe_image_reader.cc(340)] could not read dos header from C:\Windows\system32\NSI.dll
[0912/205052.767:ERROR:process_memory_win.cc(73)] ReadMemory at 0x7ffd44030000 of 64 bytes failed: Only part of a ReadProcessMemory or WriteProcessMemory request was completed. (0x12B)
[0912/205052.767:WARNING:pe_image_reader.cc(340)] could not read dos header from C:\Windows\SYSTEM32\WINNSI.DLL
[0912/205052.767:ERROR:process_memory_win.cc(73)] ReadMemory at 0x7ffd4b230000 of 64 bytes failed: Only part of a ReadProcessMemory or WriteProcessMemory request was completed. (0x12B)
[0912/205052.767:WARNING:pe_image_reader.cc(340)] could not read dos header from C:\Windows\system32\combase.dll
[0912/205052.767:ERROR:process_memory_win.cc(73)] ReadMemory at 0x7ffd409d0000 of 64 bytes failed: Only part of a ReadProcessMemory or WriteProcessMemory request was completed. (0x12B)
[0912/205052.767:WARNING:pe_image_reader.cc(340)] could not read dos header from C:\Windows\SYSTEM32\WINMMBASE.dll
[0912/205052.767:ERROR:process_memory_win.cc(73)] ReadMemory at 0x7ffd4c080000 of 64 bytes failed: Only part of a ReadProcessMemory or WriteProcessMemory request was completed. (0x12B)
[0912/205052.767:WARNING:pe_image_reader.cc(340)] could not read dos header from C:\Windows\system32\USER32.dll
[0912/205052.767:ERROR:process_memory_win.cc(73)] ReadMemory at 0x7ffd4a980000 of 64 bytes failed: Only part of a ReadProcessMemory or WriteProcessMemory request was completed. (0x12B)
[0912/205052.767:WARNING:pe_image_reader.cc(340)] could not read dos header from C:\Windows\SYSTEM32\profapi.dll
[0912/205052.767:ERROR:process_memory_win.cc(73)] ReadMemory at 0x7ffd4aa30000 of 64 bytes failed: Only part of a ReadProcessMemory or WriteProcessMemory request was completed. (0x12B)
[0912/205052.767:WARNING:pe_image_reader.cc(340)] could not read dos header from C:\Windows\system32\MSASN1.dll
[0912/205052.767:ERROR:process_memory_win.cc(73)] ReadMemory at 0x7ffd4aa50000 of 64 bytes failed: Only part of a ReadProcessMemory or WriteProcessMemory request was completed. (0x12B)
[0912/205052.767:WARNING:pe_image_reader.cc(340)] could not read dos header from C:\Windows\SYSTEM32\cfgmgr32.dll
[0912/205052.767:ERROR:process_memory_win.cc(73)] ReadMemory at 0x7ffd497b0000 of 64 bytes failed: Only part of a ReadProcessMemory or WriteProcessMemory request was completed. (0x12B)
[0912/205052.767:WARNING:pe_image_reader.cc(340)] could not read dos header from C:\Windows\SYSTEM32\DEVOBJ.dll
[0912/205052.767:ERROR:process_memory_win.cc(73)] ReadMemory at 0x7ffd4b5a0000 of 64 bytes failed: Only part of a ReadProcessMemory or WriteProcessMemory request was completed. (0x12B)
[0912/205052.767:WARNING:pe_image_reader.cc(340)] could not read dos header from C:\Windows\system32\GDI32.dll
[0912/205052.767:ERROR:process_memory_win.cc(73)] ReadMemory at 0x7ffd4b700000 of 64 bytes failed: Only part of a ReadProcessMemory or WriteProcessMemory request was completed. (0x12B)
[0912/205052.767:WARNING:pe_image_reader.cc(340)] could not read dos header from C:\Windows\system32\IMM32.DLL
[0912/205052.767:ERROR:process_memory_win.cc(73)] ReadMemory at 0x7ffd4bcb0000 of 64 bytes failed: Only part of a ReadProcessMemory or WriteProcessMemory request was completed. (0x12B)
[0912/205052.767:WARNING:pe_image_reader.cc(340)] could not read dos header from C:\Windows\system32\MSCTF.dll
[0912/205052.767:ERROR:process_memory_win.cc(73)] ReadMemory at 0x7ffd4a850000 of 64 bytes failed: Only part of a ReadProcessMemory or WriteProcessMemory request was completed. (0x12B)
[0912/205052.767:WARNING:pe_image_reader.cc(340)] could not read dos header from C:\Windows\SYSTEM32\CRYPTBASE.DLL
[0912/205052.767:ERROR:process_memory_win.cc(73)] ReadMemory at 0x7ffd4a780000 of 64 bytes failed: Only part of a ReadProcessMemory or WriteProcessMemory request was completed. (0x12B)
[0912/205052.767:WARNING:pe_image_reader.cc(340)] could not read dos header from C:\Windows\SYSTEM32\bcryptPrimitives.dll
[0912/205052.767:ERROR:process_memory_win.cc(73)] ReadMemory at 0x7ff680c30000 of 64 bytes failed: Only part of a ReadProcessMemory or WriteProcessMemory request was completed. (0x12B)
[0912/205052.767:WARNING:pe_image_reader.cc(340)] could not read dos header from C:\Program Files (x86)\Google\Chrome\Application\chrome.exe
[0912/205052.767:ERROR:process_memory_win.cc(73)] ReadMemory at 0x7ffd4d860000 of 64 bytes failed: Only part of a ReadProcessMemory or WriteProcessMemory request was completed. (0x12B)
[0912/205052.767:WARNING:pe_image_reader.cc(340)] could not read dos header from C:\Windows\SYSTEM32\ntdll.dll
[0912/205052.767:ERROR:process_memory_win.cc(73)] ReadMemory at 0x7ffd4b740000 of 64 bytes failed: Only part of a ReadProcessMemory or WriteProcessMemory request was completed. (0x12B)
[0912/205052.767:WARNING:pe_image_reader.cc(340)] could not read dos header from C:\Windows\system32\KERNEL32.DLL
[0912/205052.767:ERROR:process_memory_win.cc(73)] ReadMemory at 0x7ffd4ad60000 of 64 bytes failed: Only part of a ReadProcessMemory or WriteProcessMemory request was completed. (0x12B)
[0912/205052.767:WARNING:pe_image_reader.cc(340)] could not read dos header from C:\Windows\system32\KERNELBASE.dll
[0912/205052.767:ERROR:process_memory_win.cc(73)] ReadMemory at 0x7ffd36aa0000 of 64 bytes failed: Only part of a ReadProcessMemory or WriteProcessMemory request was completed. (0x12B)
[0912/205052.767:WARNING:pe_image_reader.cc(340)] could not read dos header from C:\Program Files (x86)\Google\Chrome\Application\85.0.4183.102\chrome_elf.dll
[0912/205052.767:ERROR:process_memory_win.cc(73)] ReadMemory at 0x7ffd418b0000 of 64 bytes failed: Only part of a ReadProcessMemory or WriteProcessMemory request was completed. (0x12B)
[0912/205052.767:WARNING:pe_image_reader.cc(340)] could not read dos header from C:\Windows\SYSTEM32\VERSION.dll
[0912/205052.767:ERROR:process_memory_win.cc(73)] ReadMemory at 0x7ffd4be70000 of 64 bytes failed: Only part of a ReadProcessMemory or WriteProcessMemory request was completed. (0x12B)
[0912/205052.767:WARNING:pe_image_reader.cc(340)] could not read dos header from C:\Windows\system32\msvcrt.dll
[0912/205052.767:ERROR:process_memory_win.cc(73)] ReadMemory at 0x7ffd4b0c0000 of 64 bytes failed: Only part of a ReadProcessMemory or WriteProcessMemory request was completed. (0x12B)
[0912/205052.767:WARNING:pe_image_reader.cc(340)] could not read dos header from C:\Windows\system32\ADVAPI32.dll
[0912/205052.767:ERROR:process_memory_win.cc(73)] ReadMemory at 0x7ffd4c020000 of 64 bytes failed: Only part of a ReadProcessMemory or WriteProcessMemory request was completed. (0x12B)
[0912/205052.767:WARNING:pe_image_reader.cc(340)] could not read dos header from C:\Windows\SYSTEM32\sechost.dll
[0912/205052.767:ERROR:process_memory_win.cc(73)] ReadMemory at 0x7ffd4b460000 of 64 bytes failed: Only part of a ReadProcessMemory or WriteProcessMemory request was completed. (0x12B)
[0912/205052.767:WARNING:pe_image_reader.cc(340)] could not read dos header from C:\Windows\system32\RPCRT4.dll
[0912/205052.767:ERROR:process_memory_win.cc(73)] ReadMemory at 0x7ffd4ab50000 of 64 bytes failed: Only part of a ReadProcessMemory or WriteProcessMemory request was completed. (0x12B)
[0912/205052.767:WARNING:pe_image_reader.cc(340)] could not read dos header from C:\Windows\system32\SspiCli.dll
[0912/205052.767:ERROR:process_memory_win.cc(73)] ReadMemory at 0x7ffd29040000 of 64 bytes failed: Only part of a ReadProcessMemory or WriteProcessMemory request was completed. (0x12B)
[0912/205052.767:WARNING:pe_image_reader.cc(340)] could not read dos header from C:\Program Files (x86)\Google\Chrome\Application\85.0.4183.102\chrome.dll
[0912/205052.767:ERROR:process_memory_win.cc(73)] ReadMemory at 0x7ffd4d7a0000 of 64 bytes failed: Only part of a ReadProcessMemory or WriteProcessMemory request was completed. (0x12B)
[0912/205052.767:WARNING:pe_image_reader.cc(340)] could not read dos header from C:\Windows\system32\WS2_32.dll
[0912/205052.767:ERROR:process_memory_win.cc(73)] ReadMemory at 0x7ffd44090000 of 64 bytes failed: Only part of a ReadProcessMemory or WriteProcessMemory request was completed. (0x12B)
[0912/205052.767:WARNING:pe_image_reader.cc(340)] could not read dos header from C:\Windows\SYSTEM32\IPHLPAPI.DLL
[0912/205052.767:ERROR:process_memory_win.cc(73)] ReadMemory at 0x7ffd4bf40000 of 64 bytes failed: Only part of a ReadProcessMemory or WriteProcessMemory request was completed. (0x12B)
[0912/205052.767:WARNING:pe_image_reader.cc(340)] could not read dos header from C:\Windows\system32\OLEAUT32.dll
[0912/205052.767:ERROR:process_memory_win.cc(73)] ReadMemory at 0x7ffd40da0000 of 64 bytes failed: Only part of a ReadProcessMemory or WriteProcessMemory request was completed. (0x12B)
[0912/205052.767:WARNING:pe_image_reader.cc(340)] could not read dos header from C:\Windows\SYSTEM32\WINMM.dll
[0912/205052.767:ERROR:process_memory_win.cc(73)] ReadMemory at 0x7ffd442d0000 of 64 bytes failed: Only part of a ReadProcessMemory or WriteProcessMemory request was completed. (0x12B)
[0912/205052.767:WARNING:pe_image_reader.cc(340)] could not read dos header from C:\Windows\SYSTEM32\UIAutomationCore.DLL
[0912/205052.767:ERROR:process_memory_win.cc(73)] ReadMemory at 0x7ffd430d0000 of 64 bytes failed: Only part of a ReadProcessMemory or WriteProcessMemory request was completed. (0x12B)
[0912/205052.767:WARNING:pe_image_reader.cc(340)] could not read dos header from C:\Windows\SYSTEM32\Secur32.dll
[0912/205052.767:ERROR:process_memory_win.cc(73)] ReadMemory at 0x7ffd49f50000 of 64 bytes failed: Only part of a ReadProcessMemory or WriteProcessMemory request was completed. (0x12B)
[0912/205052.767:WARNING:pe_image_reader.cc(340)] could not read dos header from C:\Windows\SYSTEM32\USERENV.dll
[0912/205052.767:ERROR:process_memory_win.cc(73)] ReadMemory at 0x7ffd4ae80000 of 64 bytes failed: Only part of a ReadProcessMemory or WriteProcessMemory request was completed. (0x12B)
[0912/205052.767:WARNING:pe_image_reader.cc(340)] could not read dos header from C:\Windows\system32\WINTRUST.dll
[0912/205052.767:ERROR:process_memory_win.cc(73)] ReadMemory at 0x7ffd4ab80000 of 64 bytes failed: Only part of a ReadProcessMemory or WriteProcessMemory request was completed. (0x12B)
[0912/205052.767:WARNING:pe_image_reader.cc(340)] could not read dos header from C:\Windows\system32\CRYPT32.dll
[0912/205052.767:ERROR:process_memory_win.cc(73)] ReadMemory at 0x7ffd469d0000 of 64 bytes failed: Only part of a ReadProcessMemory or WriteProcessMemory request was completed. (0x12B)
[0912/205052.767:WARNING:pe_image_reader.cc(340)] could not read dos header from C:\Windows\SYSTEM32\DWrite.dll
[0912/205052.767:ERROR:process_memory_win.cc(73)] ReadMemory at 0x7ffd41710000 of 64 bytes failed: Only part of a ReadProcessMemory or WriteProcessMemory request was completed. (0x12B)
[0912/205052.767:WARNING:pe_image_reader.cc(340)] could not read dos header from C:\Windows\SYSTEM32\WINSPOOL.DRV
[0912/205052.767:ERROR:process_memory_win.cc(73)] ReadMemory at 0x7ffd375f0000 of 64 bytes failed: Only part of a ReadProcessMemory or WriteProcessMemory request was completed. (0x12B)
[0912/205052.767:WARNING:pe_image_reader.cc(340)] could not read dos header from C:\Windows\SYSTEM32\dbghelp.dll
[0912/205052.767:ERROR:process_memory_win.cc(73)] ReadMemory at 0x7ffd40dd0000 of 64 bytes failed: Only part of a ReadProcessMemory or WriteProcessMemory request was completed. (0x12B)
[0912/205052.767:WARNING:pe_image_reader.cc(340)] could not read dos header from C:\Windows\SYSTEM32\WINHTTP.dll
[0912/205052.767:ERROR:process_memory_win.cc(73)] ReadMemory at 0x7ffd43d90000 of 64 bytes failed: Only part of a ReadProcessMemory or WriteProcessMemory request was completed. (0x12B)
[0912/205052.767:WARNING:pe_image_reader.cc(340)] could not read dos header from C:\Windows\SYSTEM32\dhcpcsvc.DLL
[0912/205052.767:ERROR:process_memory_win.cc(73)] ReadMemory at 0x7ffd4b450000 of 64 bytes failed: Only part of a ReadProcessMemory or WriteProcessMemory request was completed. (0x12B)
[0912/205052.767:WARNING:pe_image_reader.cc(340)] could not read dos header from C:\Windows\system32\NSI.dll
[0912/205052.767:ERROR:process_memory_win.cc(73)] ReadMemory at 0x7ffd44030000 of 64 bytes failed: Only part of a ReadProcessMemory or WriteProcessMemory request was completed. (0x12B)
[0912/205052.767:WARNING:pe_image_reader.cc(340)] could not read dos header from C:\Windows\SYSTEM32\WINNSI.DLL
[0912/205052.767:ERROR:process_memory_win.cc(73)] ReadMemory at 0x7ffd4b230000 of 64 bytes failed: Only part of a ReadProcessMemory or WriteProcessMemory request was completed. (0x12B)
[0912/205052.767:WARNING:pe_image_reader.cc(340)] could not read dos header from C:\Windows\system32\combase.dll
[0912/205052.767:ERROR:process_memory_win.cc(73)] ReadMemory at 0x7ffd409d0000 of 64 bytes failed: Only part of a ReadProcessMemory or WriteProcessMemory request was completed. (0x12B)
[0912/205052.767:WARNING:pe_image_reader.cc(340)] could not read dos header from C:\Windows\SYSTEM32\WINMMBASE.dll
[0912/205052.767:ERROR:process_memory_win.cc(73)] ReadMemory at 0x7ffd4c080000 of 64 bytes failed: Only part of a ReadProcessMemory or WriteProcessMemory request was completed. (0x12B)
[0912/205052.767:WARNING:pe_image_reader.cc(340)] could not read dos header from C:\Windows\system32\USER32.dll
[0912/205052.767:ERROR:process_memory_win.cc(73)] ReadMemory at 0x7ffd4a980000 of 64 bytes failed: Only part of a ReadProcessMemory or WriteProcessMemory request was completed. (0x12B)
[0912/205052.783:WARNING:pe_image_reader.cc(340)] could not read dos header from C:\Windows\SYSTEM32\profapi.dll
[0912/205052.783:ERROR:process_memory_win.cc(73)] ReadMemory at 0x7ffd4aa30000 of 64 bytes failed: Only part of a ReadProcessMemory or WriteProcessMemory request was completed. (0x12B)
[0912/205052.783:WARNING:pe_image_reader.cc(340)] could not read dos header from C:\Windows\system32\MSASN1.dll
[0912/205052.783:ERROR:process_memory_win.cc(73)] ReadMemory at 0x7ffd4aa50000 of 64 bytes failed: Only part of a ReadProcessMemory or WriteProcessMemory request was completed. (0x12B)
[0912/205052.783:WARNING:pe_image_reader.cc(340)] could not read dos header from C:\Windows\SYSTEM32\cfgmgr32.dll
[0912/205052.783:ERROR:process_memory_win.cc(73)] ReadMemory at 0x7ffd497b0000 of 64 bytes failed: Only part of a ReadProcessMemory or WriteProcessMemory request was completed. (0x12B)
[0912/205052.783:WARNING:pe_image_reader.cc(340)] could not read dos header from C:\Windows\SYSTEM32\DEVOBJ.dll
[0912/205052.783:ERROR:process_memory_win.cc(73)] ReadMemory at 0x7ffd4b5a0000 of 64 bytes failed: Only part of a ReadProcessMemory or WriteProcessMemory request was completed. (0x12B)
[0912/205052.783:WARNING:pe_image_reader.cc(340)] could not read dos header from C:\Windows\system32\GDI32.dll
[0912/205052.783:ERROR:process_memory_win.cc(73)] ReadMemory at 0x7ffd4b700000 of 64 bytes failed: Only part of a ReadProcessMemory or WriteProcessMemory request was completed. (0x12B)
[0912/205052.783:WARNING:pe_image_reader.cc(340)] could not read dos header from C:\Windows\system32\IMM32.DLL
[0912/205052.783:ERROR:process_memory_win.cc(73)] ReadMemory at 0x7ffd4bcb0000 of 64 bytes failed: Only part of a ReadProcessMemory or WriteProcessMemory request was completed. (0x12B)
[0912/205052.783:WARNING:pe_image_reader.cc(340)] could not read dos header from C:\Windows\system32\MSCTF.dll
[0912/205052.783:ERROR:process_memory_win.cc(73)] ReadMemory at 0x7ffd4a850000 of 64 bytes failed: Only part of a ReadProcessMemory or WriteProcessMemory request was completed. (0x12B)
[0912/205052.783:WARNING:pe_image_reader.cc(340)] could not read dos header from C:\Windows\SYSTEM32\CRYPTBASE.DLL
[0912/205052.783:ERROR:process_memory_win.cc(73)] ReadMemory at 0x7ffd4a780000 of 64 bytes failed: Only part of a ReadProcessMemory or WriteProcessMemory request was completed. (0x12B)
[0912/205052.783:WARNING:pe_image_reader.cc(340)] could not read dos header from C:\Windows\SYSTEM32\bcryptPrimitives.dll
[0912/205052.783:ERROR:process_memory_win.cc(73)] ReadMemory at 0xa18e67a000 of 90112 bytes failed: Only part of a ReadProcessMemory or WriteProcessMemory request was completed. (0x12B)
[0912/205052.783:ERROR:process_memory_win.cc(73)] ReadMemory at 0xa19091d000 of 12288 bytes failed: Only part of a ReadProcessMemory or WriteProcessMemory request was completed. (0x12B)
[0912/205052.783:ERROR:process_memory_win.cc(73)] ReadMemory at 0xa19191c000 of 16384 bytes failed: Only part of a ReadProcessMemory or WriteProcessMemory request was completed. (0x12B)
[0912/205052.783:ERROR:process_memory_win.cc(73)] ReadMemory at 0xa19211b000 of 20480 bytes failed: Only part of a ReadProcessMemory or WriteProcessMemory request was completed. (0x12B)
[0912/205052.783:ERROR:process_memory_win.cc(73)] ReadMemory at 0xa19291f000 of 4096 bytes failed: Only part of a ReadProcessMemory or WriteProcessMemory request was completed. (0x12B)
[0912/205052.783:ERROR:process_memory_win.cc(73)] ReadMemory at 0xa19311d000 of 12288 bytes failed: Only part of a ReadProcessMemory or WriteProcessMemory request was completed. (0x12B)
[0912/205052.783:ERROR:process_memory_win.cc(73)] ReadMemory at 0xa193a1c000 of 16384 bytes failed: Only part of a ReadProcessMemory or WriteProcessMemory request was completed. (0x12B)
[0912/205052.783:ERROR:process_memory_win.cc(73)] ReadMemory at 0xa19421d000 of 12288 bytes failed: Only part of a ReadProcessMemory or WriteProcessMemory request was completed. (0x12B)
[0912/205052.783:ERROR:process_memory_win.cc(73)] ReadMemory at 0xa194a1c000 of 16384 bytes failed: Only part of a ReadProcessMemory or WriteProcessMemory request was completed. (0x12B)
[0912/205052.783:ERROR:process_memory_win.cc(73)] ReadMemory at 0xa19521b000 of 20480 bytes failed: Only part of a ReadProcessMemory or WriteProcessMemory request was completed. (0x12B)
[0912/205052.783:ERROR:process_memory_win.cc(73)] ReadMemory at 0xa195c1d000 of 12288 bytes failed: Only part of a ReadProcessMemory or WriteProcessMemory request was completed. (0x12B)
[0912/205052.783:ERROR:process_memory_win.cc(73)] ReadMemory at 0xa19111d000 of 12288 bytes failed: Only part of a ReadProcessMemory or WriteProcessMemory request was completed. (0x12B)
[0912/205052.783:ERROR:process_memory_win.cc(73)] ReadMemory at 0xa19a436000 of 40960 bytes failed: Only part of a ReadProcessMemory or WriteProcessMemory request was completed. (0x12B)
[0912/205052.783:ERROR:process_memory_win.cc(73)] ReadMemory at 0xa196e1f000 of 4096 bytes failed: Only part of a ReadProcessMemory or WriteProcessMemory request was completed. (0x12B)
[0912/205052.783:ERROR:process_memory_win.cc(73)] ReadMemory at 0xa18e790c40 of 512 bytes failed: Only part of a ReadProcessMemory or WriteProcessMemory request was completed. (0x12B)
[0912/205052.783:ERROR:process_memory_win.cc(73)] ReadMemory at 0xa18e7c0000 of 384 bytes failed: Only part of a ReadProcessMemory or WriteProcessMemory request was completed. (0x12B)
[0912/205052.783:ERROR:process_memory_win.cc(73)] ReadMemory at 0xa18e7c0860 of 9138 bytes failed: Only part of a ReadProcessMemory or WriteProcessMemory request was completed. (0x12B)
[0912/205052.783:ERROR:process_memory_win.cc(73)] ReadMemory at 0xa18e7c2c20 of 1012 bytes failed: Only part of a ReadProcessMemory or WriteProcessMemory request was completed. (0x12B)
[0912/205052.783:ERROR:process_memory_win.cc(73)] ReadMemory at 0xa18e7c3238 of 118 bytes failed: Only part of a ReadProcessMemory or WriteProcessMemory request was completed. (0x12B)
[0912/205052.783:ERROR:process_memory_win.cc(73)] ReadMemory at 0xa18e7c32b0 of 846 bytes failed: Only part of a ReadProcessMemory or WriteProcessMemory request was completed. (0x12B)
[0912/205052.783:ERROR:process_memory_win.cc(73)] ReadMemory at 0xa18e7c3600 of 118 bytes failed: Only part of a ReadProcessMemory or WriteProcessMemory request was completed. (0x12B)
[0912/205052.783:ERROR:process_memory_win.cc(73)] ReadMemory at 0xa18e7c3678 of 94 bytes failed: Only part of a ReadProcessMemory or WriteProcessMemory request was completed. (0x12B)
[0912/205052.783:ERROR:process_memory_win.cc(73)] ReadMemory at 0xa18e7c36f0 of 58 bytes failed: Only part of a ReadProcessMemory or WriteProcessMemory request was completed. (0x12B)
[0912/205052.783:ERROR:process_memory_win.cc(73)] ReadMemory at 0xa18e7c37f0 of 132 bytes failed: Only part of a ReadProcessMemory or WriteProcessMemory request was completed. (0x12B)
[0912/205052.783:ERROR:process_memory_win.cc(73)] ReadMemory at 0xa18e7c3970 of 132 bytes failed: Only part of a ReadProcessMemory or WriteProcessMemory request was completed. (0x12B)
[0912/205052.783:ERROR:process_memory_win.cc(73)] ReadMemory at 0xa18e7c3b80 of 126 bytes failed: Only part of a ReadProcessMemory or WriteProcessMemory request was completed. (0x12B)
[0912/205052.783:ERROR:process_memory_win.cc(73)] ReadMemory at 0xa18e7c3e70 of 64 bytes failed: Only part of a ReadProcessMemory or WriteProcessMemory request was completed. (0x12B)
[0912/205052.783:ERROR:process_memory_win.cc(73)] ReadMemory at 0xa18e7c3ec0 of 132 bytes failed: Only part of a ReadProcessMemory or WriteProcessMemory request was completed. (0x12B)
[0912/205052.783:ERROR:process_memory_win.cc(73)] ReadMemory at 0xa18e7c4180 of 154 bytes failed: Only part of a ReadProcessMemory or WriteProcessMemory request was completed. (0x12B)
[0912/205052.783:ERROR:process_memory_win.cc(73)] ReadMemory at 0xa18e7c4230 of 68 bytes failed: Only part of a ReadProcessMemory or WriteProcessMemory request was completed. (0x12B)
[0912/205052.783:ERROR:process_memory_win.cc(73)] ReadMemory at 0xa18e7c4280 of 132 bytes failed: Only part of a ReadProcessMemory or WriteProcessMemory request was completed. (0x12B)
[0912/205052.783:ERROR:process_memory_win.cc(73)] ReadMemory at 0xa18e7c5000 of 132 bytes failed: Only part of a ReadProcessMemory or WriteProcessMemory request was completed. (0x12B)
[0912/205052.798:ERROR:process_memory_win.cc(73)] ReadMemory at 0xa18e7c5240 of 62 bytes failed: Only part of a ReadProcessMemory or WriteProcessMemory request was completed. (0x12B)
[0912/205052.798:ERROR:process_memory_win.cc(73)] ReadMemory at 0xa18e7c5290 of 132 bytes failed: Only part of a ReadProcessMemory or WriteProcessMemory request was completed. (0x12B)
[0912/205052.798:ERROR:process_memory_win.cc(73)] ReadMemory at 0xa18e7c5850 of 60 bytes failed: Only part of a ReadProcessMemory or WriteProcessMemory request was completed. (0x12B)
[0912/205052.798:ERROR:process_memory_win.cc(73)] ReadMemory at 0xa18e7c65d0 of 132 bytes failed: Only part of a ReadProcessMemory or WriteProcessMemory request was completed. (0x12B)
[0912/205052.798:ERROR:process_memory_win.cc(73)] ReadMemory at 0xa18e7d4a50 of 132 bytes failed: Only part of a ReadProcessMemory or WriteProcessMemory request was completed. (0x12B)
[0912/205052.798:ERROR:process_memory_win.cc(73)] ReadMemory at 0xa18e7d56a0 of 80 bytes failed: Only part of a ReadProcessMemory or WriteProcessMemory request was completed. (0x12B)
[0912/205052.798:ERROR:process_memory_win.cc(73)] ReadMemory at 0xa18e7d5c10 of 132 bytes failed: Only part of a ReadProcessMemory or WriteProcessMemory request was completed. (0x12B)
[0912/205052.798:ERROR:process_memory_win.cc(73)] ReadMemory at 0xa18e7d5de0 of 60 bytes failed: Only part of a ReadProcessMemory or WriteProcessMemory request was completed. (0x12B)
[0912/205052.798:ERROR:process_memory_win.cc(73)] ReadMemory at 0xa18e7d5e30 of 64 bytes failed: Only part of a ReadProcessMemory or WriteProcessMemory request was completed. (0x12B)
[0912/205052.798:ERROR:process_memory_win.cc(73)] ReadMemory at 0xa18e7d5ed0 of 58 bytes failed: Only part of a ReadProcessMemory or WriteProcessMemory request was completed. (0x12B)
[0912/205052.798:ERROR:process_memory_win.cc(73)] ReadMemory at 0xa18e7d5f20 of 62 bytes failed: Only part of a ReadProcessMemory or WriteProcessMemory request was completed. (0x12B)
[0912/205052.798:ERROR:process_memory_win.cc(73)] ReadMemory at 0xa18e7d6010 of 62 bytes failed: Only part of a ReadProcessMemory or WriteProcessMemory request was completed. (0x12B)
[0912/205052.798:ERROR:process_memory_win.cc(73)] ReadMemory at 0xa18e7d6060 of 60 bytes failed: Only part of a ReadProcessMemory or WriteProcessMemory request was completed. (0x12B)
[0912/205052.798:ERROR:process_memory_win.cc(73)] ReadMemory at 0xa18e7d6150 of 62 bytes failed: Only part of a ReadProcessMemory or WriteProcessMemory request was completed. (0x12B)
[0912/205052.798:ERROR:process_memory_win.cc(73)] ReadMemory at 0xa18e7d61a0 of 62 bytes failed: Only part of a ReadProcessMemory or WriteProcessMemory request was completed. (0x12B)
[0912/205052.798:ERROR:process_memory_win.cc(73)] ReadMemory at 0xa18e7d61f0 of 60 bytes failed: Only part of a ReadProcessMemory or WriteProcessMemory request was completed. (0x12B)
[0912/205052.798:ERROR:process_memory_win.cc(73)] ReadMemory at 0xa18e7d6240 of 62 bytes failed: Only part of a ReadProcessMemory or WriteProcessMemory request was completed. (0x12B)
[0912/205052.798:ERROR:process_memory_win.cc(73)] ReadMemory at 0xa18e7d6290 of 64 bytes failed: Only part of a ReadProcessMemory or WriteProcessMemory request was completed. (0x12B)
[0912/205052.798:ERROR:process_memory_win.cc(73)] ReadMemory at 0xa18e7d62e0 of 62 bytes failed: Only part of a ReadProcessMemory or WriteProcessMemory request was completed. (0x12B)
[0912/205052.798:ERROR:process_memory_win.cc(73)] ReadMemory at 0xa18e7d6330 of 66 bytes failed: Only part of a ReadProcessMemory or WriteProcessMemory request was completed. (0x12B)
[0912/205052.798:ERROR:process_memory_win.cc(73)] ReadMemory at 0xa18e7d6380 of 64 bytes failed: Only part of a ReadProcessMemory or WriteProcessMemory request was completed. (0x12B)
[0912/205052.798:ERROR:process_memory_win.cc(73)] ReadMemory at 0xa18e7d63d0 of 64 bytes failed: Only part of a ReadProcessMemory or WriteProcessMemory request was completed. (0x12B)
[0912/205052.798:ERROR:process_memory_win.cc(73)] ReadMemory at 0xa18e7d6420 of 60 bytes failed: Only part of a ReadProcessMemory or WriteProcessMemory request was completed. (0x12B)
[0912/205052.798:ERROR:process_memory_win.cc(73)] ReadMemory at 0xa18e7d6510 of 58 bytes failed: Only part of a ReadProcessMemory or WriteProcessMemory request was completed. (0x12B)
[0912/205052.798:ERROR:process_memory_win.cc(73)] ReadMemory at 0xa18e7d6600 of 62 bytes failed: Only part of a ReadProcessMemory or WriteProcessMemory request was completed. (0x12B)
[0912/205052.798:ERROR:process_memory_win.cc(73)] ReadMemory at 0xa18e7d6650 of 60 bytes failed: Only part of a ReadProcessMemory or WriteProcessMemory request was completed. (0x12B)
[0912/205052.798:ERROR:process_memory_win.cc(73)] ReadMemory at 0xa18e7d66f0 of 60 bytes failed: Only part of a ReadProcessMemory or WriteProcessMemory request was completed. (0x12B)
[0912/205052.798:ERROR:process_memory_win.cc(73)] ReadMemory at 0xa18e7d6790 of 60 bytes failed: Only part of a ReadProcessMemory or WriteProcessMemory request was completed. (0x12B)
[0912/205052.798:ERROR:process_memory_win.cc(73)] ReadMemory at 0xa18e7d67e0 of 58 bytes failed: Only part of a ReadProcessMemory or WriteProcessMemory request was completed. (0x12B)
[0912/205052.798:ERROR:process_memory_win.cc(73)] ReadMemory at 0xa18e7d6920 of 64 bytes failed: Only part of a ReadProcessMemory or WriteProcessMemory request was completed. (0x12B)
[0912/205052.798:ERROR:process_memory_win.cc(73)] ReadMemory at 0xa18e7d6970 of 64 bytes failed: Only part of a ReadProcessMemory or WriteProcessMemory request was completed. (0x12B)
[0912/205052.798:ERROR:process_memory_win.cc(73)] ReadMemory at 0xa18e7d6a60 of 62 bytes failed: Only part of a ReadProcessMemory or WriteProcessMemory request was completed. (0x12B)
[0912/205052.798:ERROR:process_memory_win.cc(73)] ReadMemory at 0xa18e7d6c40 of 58 bytes failed: Only part of a ReadProcessMemory or WriteProcessMemory request was completed. (0x12B)
[0912/205052.798:ERROR:process_memory_win.cc(73)] ReadMemory at 0xa18e7d6ce0 of 62 bytes failed: Only part of a ReadProcessMemory or WriteProcessMemory request was completed. (0x12B)
[0912/205052.798:ERROR:process_memory_win.cc(73)] ReadMemory at 0xa18e7d6d30 of 64 bytes failed: Only part of a ReadProcessMemory or WriteProcessMemory request was completed. (0x12B)
[0912/205052.798:ERROR:process_memory_win.cc(73)] ReadMemory at 0xa18e7d6da0 of 132 bytes failed: Only part of a ReadProcessMemory or WriteProcessMemory request was completed. (0x12B)
[0912/205052.798:ERROR:process_memory_win.cc(73)] ReadMemory at 0xa18e7d6ec0 of 146 bytes failed: Only part of a ReadProcessMemory or WriteProcessMemory request was completed. (0x12B)
[0912/205052.798:ERROR:process_memory_win.cc(73)] ReadMemory at 0xa18e7d83d0 of 54 bytes failed: Only part of a ReadProcessMemory or WriteProcessMemory request was completed. (0x12B)
[0912/205052.798:ERROR:process_memory_win.cc(73)] ReadMemory at 0xa18e7d9ca0 of 132 bytes failed: Only part of a ReadProcessMemory or WriteProcessMemory request was completed. (0x12B)
[0912/205052.798:ERROR:process_memory_win.cc(73)] ReadMemory at 0xa18e7da220 of 132 bytes failed: Only part of a ReadProcessMemory or WriteProcessMemory request was completed. (0x12B)
[0912/205052.798:ERROR:process_memory_win.cc(73)] ReadMemory at 0xa18e7da340 of 132 bytes failed: Only part of a ReadProcessMemory or WriteProcessMemory request was completed. (0x12B)
[0912/205052.798:ERROR:process_memory_win.cc(73)] ReadMemory at 0xa18e7da710 of 132 bytes failed: Only part of a ReadProcessMemory or WriteProcessMemory request was completed. (0x12B)
[0912/205052.798:ERROR:process_memory_win.cc(73)] ReadMemory at 0xa18e7de500 of 132 bytes failed: Only part of a ReadProcessMemory or WriteProcessMemory request was completed. (0x12B)
[0912/205052.798:ERROR:process_memory_win.cc(73)] ReadMemory at 0xa18e7de620 of 132 bytes failed: Only part of a ReadProcessMemory or WriteProcessMemory request was completed. (0x12B)
[0912/205052.798:ERROR:process_memory_win.cc(73)] ReadMemory at 0xa18e7de740 of 132 bytes failed: Only part of a ReadProcessMemory or WriteProcessMemory request was completed. (0x12B)
[0912/205052.798:ERROR:process_memory_win.cc(73)] ReadMemory at 0xa18e7de860 of 132 bytes failed: Only part of a ReadProcessMemory or WriteProcessMemory request was completed. (0x12B)
[0912/205052.798:ERROR:process_memory_win.cc(73)] ReadMemory at 0xa18e7df670 of 132 bytes failed: Only part of a ReadProcessMemory or WriteProcessMemory request was completed. (0x12B)
[0912/205052.798:ERROR:process_memory_win.cc(73)] ReadMemory at 0xa18e7df790 of 132 bytes failed: Only part of a ReadProcessMemory or WriteProcessMemory request was completed. (0x12B)
[0912/205052.798:ERROR:process_memory_win.cc(73)] ReadMemory at 0xa18e7df8b0 of 132 bytes failed: Only part of a ReadProcessMemory or WriteProcessMemory request was completed. (0x12B)
[0912/205052.798:ERROR:process_memory_win.cc(73)] ReadMemory at 0xa18e7df9d0 of 132 bytes failed: Only part of a ReadProcessMemory or WriteProcessMemory request was completed. (0x12B)
[0912/205052.798:ERROR:process_memory_win.cc(73)] ReadMemory at 0xa18e7dfaf0 of 132 bytes failed: Only part of a ReadProcessMemory or WriteProcessMemory request was completed. (0x12B)
[0912/205052.798:ERROR:process_memory_win.cc(73)] ReadMemory at 0xa18e7dfc10 of 132 bytes failed: Only part of a ReadProcessMemory or WriteProcessMemory request was completed. (0x12B)
[0912/205052.798:ERROR:process_memory_win.cc(73)] ReadMemory at 0xa18e7dfd30 of 132 bytes failed: Only part of a ReadProcessMemory or WriteProcessMemory request was completed. (0x12B)
[0912/205052.798:ERROR:process_memory_win.cc(73)] ReadMemory at 0xa18e7dfe50 of 132 bytes failed: Only part of a ReadProcessMemory or WriteProcessMemory request was completed. (0x12B)
[0912/205052.798:ERROR:process_memory_win.cc(73)] ReadMemory at 0xa18e7dff70 of 132 bytes failed: Only part of a ReadProcessMemory or WriteProcessMemory request was completed. (0x12B)
[0912/205052.798:ERROR:process_memory_win.cc(73)] ReadMemory at 0xa18e7e0090 of 132 bytes failed: Only part of a ReadProcessMemory or WriteProcessMemory request was completed. (0x12B)
[0912/205052.798:ERROR:process_memory_win.cc(73)] ReadMemory at 0xa18e7e01b0 of 132 bytes failed: Only part of a ReadProcessMemory or WriteProcessMemory request was completed. (0x12B)
[0912/205052.798:ERROR:process_memory_win.cc(73)] ReadMemory at 0xa18e7e02d0 of 132 bytes failed: Only part of a ReadProcessMemory or WriteProcessMemory request was completed. (0x12B)
[0912/205052.798:ERROR:process_memory_win.cc(73)] ReadMemory at 0xa18e7e03f0 of 132 bytes failed: Only part of a ReadProcessMemory or WriteProcessMemory request was completed. (0x12B)
[0912/205052.798:ERROR:process_memory_win.cc(73)] ReadMemory at 0xa18e7e2650 of 132 bytes failed: Only part of a ReadProcessMemory or WriteProcessMemory request was completed. (0x12B)
[0912/205052.798:ERROR:process_memory_win.cc(73)] ReadMemory at 0xa18e7e2770 of 132 bytes failed: Only part of a ReadProcessMemory or WriteProcessMemory request was completed. (0x12B)
[0912/205052.798:ERROR:process_memory_win.cc(73)] ReadMemory at 0xa18e7e29b0 of 132 bytes failed: Only part of a ReadProcessMemory or WriteProcessMemory request was completed. (0x12B)
[0912/205052.798:ERROR:process_memory_win.cc(73)] ReadMemory at 0xa18e7e2ad0 of 132 bytes failed: Only part of a ReadProcessMemory or WriteProcessMemory request was completed. (0x12B)
[0912/205052.798:ERROR:process_memory_win.cc(73)] ReadMemory at 0xa18e7e32b0 of 132 bytes failed: Only part of a ReadProcessMemory or WriteProcessMemory request was completed. (0x12B)
[0912/205052.798:ERROR:process_memory_win.cc(73)] ReadMemory at 0xa18e7e34f0 of 132 bytes failed: Only part of a ReadProcessMemory or WriteProcessMemory request was completed. (0x12B)
[0912/205052.798:ERROR:process_memory_win.cc(73)] ReadMemory at 0xa18e7e3610 of 132 bytes failed: Only part of a ReadProcessMemory or WriteProcessMemory request was completed. (0x12B)
[0912/205052.798:ERROR:process_memory_win.cc(73)] ReadMemory at 0xa18e7e3850 of 132 bytes failed: Only part of a ReadProcessMemory or WriteProcessMemory request was completed. (0x12B)
[0912/205052.798:ERROR:process_memory_win.cc(73)] ReadMemory at 0xa18e7e3cd0 of 132 bytes failed: Only part of a ReadProcessMemory or WriteProcessMemory request was completed. (0x12B)
[0912/205052.798:ERROR:process_memory_win.cc(73)] ReadMemory at 0xa18e81c470 of 66 bytes failed: Only part of a ReadProcessMemory or WriteProcessMemory request was completed. (0x12B)
[0912/205052.798:ERROR:process_memory_win.cc(73)] ReadMemory at 0xa18e81ee30 of 512 bytes failed: Only part of a ReadProcessMemory or WriteProcessMemory request was completed. (0x12B)
[0912/205052.798:ERROR:process_memory_win.cc(73)] ReadMemory at 0xa18e825480 of 80 bytes failed: Only part of a ReadProcessMemory or WriteProcessMemory request was completed. (0x12B)
[0912/205052.798:ERROR:process_memory_win.cc(73)] ReadMemory at 0xa18e844a40 of 512 bytes failed: Only part of a ReadProcessMemory or WriteProcessMemory request was completed. (0x12B)
[0912/205052.798:ERROR:process_memory_win.cc(73)] ReadMemory at 0xa18e847740 of 712 bytes failed: Only part of a ReadProcessMemory or WriteProcessMemory request was completed. (0x12B)
[0912/205052.798:ERROR:process_memory_win.cc(73)] ReadMemory at 0xa18e852740 of 512 bytes failed: Only part of a ReadProcessMemory or WriteProcessMemory request was completed. (0x12B)
[0912/205052.798:ERROR:process_memory_win.cc(73)] ReadMemory at 0xa18e855a30 of 512 bytes failed: Only part of a ReadProcessMemory or WriteProcessMemory request was completed. (0x12B)
[0912/205052.798:ERROR:process_memory_win.cc(73)] ReadMemory at 0xa18e860250 of 512 bytes failed: Only part of a ReadProcessMemory or WriteProcessMemory request was completed. (0x12B)
[0912/205052.798:ERROR:process_memory_win.cc(73)] ReadMemory at 0xa18e876050 of 512 bytes failed: Only part of a ReadProcessMemory or WriteProcessMemory request was completed. (0x12B)
[0912/205052.798:ERROR:process_memory_win.cc(73)] ReadMemory at 0xa18e883280 of 512 bytes failed: Only part of a ReadProcessMemory or WriteProcessMemory request was completed. (0x12B)
[0912/205052.798:ERROR:process_memory_win.cc(73)] ReadMemory at 0xa18e8abf20 of 512 bytes failed: Only part of a ReadProcessMemory or WriteProcessMemory request was completed. (0x12B)
[0912/205052.798:ERROR:process_memory_win.cc(73)] ReadMemory at 0xa19314b340 of 512 bytes failed: Only part of a ReadProcessMemory or WriteProcessMemory request was completed. (0x12B)
[0912/205052.798:ERROR:process_memory_win.cc(73)] ReadMemory at 0xa19315b830 of 512 bytes failed: Only part of a ReadProcessMemory or WriteProcessMemory request was completed. (0x12B)
[0912/205052.798:ERROR:process_memory_win.cc(73)] ReadMemory at 0xa195e15310 of 512 bytes failed: Only part of a ReadProcessMemory or WriteProcessMemory request was completed. (0x12B)
[0912/205052.798:ERROR:process_memory_win.cc(73)] ReadMemory at 0xa197892350 of 512 bytes failed: Only part of a ReadProcessMemory or WriteProcessMemory request was completed. (0x12B)
[0912/205052.798:ERROR:process_memory_win.cc(73)] ReadMemory at 0xa1978c6c80 of 512 bytes failed: Only part of a ReadProcessMemory or WriteProcessMemory request was completed. (0x12B)
[0912/205052.798:ERROR:process_memory_win.cc(73)] ReadMemory at 0xa197f91d20 of 512 bytes failed: Only part of a ReadProcessMemory or WriteProcessMemory request was completed. (0x12B)
[0912/205052.798:ERROR:process_memory_win.cc(73)] ReadMemory at 0xa197ff4b80 of 528 bytes failed: Only part of a ReadProcessMemory or WriteProcessMemory request was completed. (0x12B)
[0912/205052.798:ERROR:process_memory_win.cc(73)] ReadMemory at 0x7ff68027e000 of 6024 bytes failed: Only part of a ReadProcessMemory or WriteProcessMemory request was completed. (0x12B)
[0912/205052.798:ERROR:process_memory_win.cc(73)] ReadMemory at 0x7ff680282000 of 6024 bytes failed: Only part of a ReadProcessMemory or WriteProcessMemory request was completed. (0x12B)
[0912/205052.798:ERROR:process_memory_win.cc(73)] ReadMemory at 0x7ff680284000 of 6024 bytes failed: Only part of a ReadProcessMemory or WriteProcessMemory request was completed. (0x12B)
[0912/205052.798:ERROR:process_memory_win.cc(73)] ReadMemory at 0x7ff680286000 of 6024 bytes failed: Only part of a ReadProcessMemory or WriteProcessMemory request was completed. (0x12B)
[0912/205052.798:ERROR:process_memory_win.cc(73)] ReadMemory at 0x7ff680288000 of 6024 bytes failed: Only part of a ReadProcessMemory or WriteProcessMemory request was completed. (0x12B)
[0912/205052.798:ERROR:process_memory_win.cc(73)] ReadMemory at 0x7ff68028a000 of 6024 bytes failed: Only part of a ReadProcessMemory or WriteProcessMemory request was completed. (0x12B)
[0912/205052.798:ERROR:process_memory_win.cc(73)] ReadMemory at 0x7ff68028c000 of 6024 bytes failed: Only part of a ReadProcessMemory or WriteProcessMemory request was completed. (0x12B)
[0912/205052.798:ERROR:process_memory_win.cc(73)] ReadMemory at 0x7ff68028e000 of 6024 bytes failed: Only part of a ReadProcessMemory or WriteProcessMemory request was completed. (0x12B)
[0912/205052.798:ERROR:process_memory_win.cc(73)] ReadMemory at 0x7ff6803b3000 of 6024 bytes failed: Only part of a ReadProcessMemory or WriteProcessMemory request was completed. (0x12B)
[0912/205052.798:ERROR:process_memory_win.cc(73)] ReadMemory at 0x7ff6803b5000 of 6024 bytes failed: Only part of a ReadProcessMemory or WriteProcessMemory request was completed. (0x12B)
[0912/205052.798:ERROR:process_memory_win.cc(73)] ReadMemory at 0x7ff6803b7000 of 852 bytes failed: Only part of a ReadProcessMemory or WriteProcessMemory request was completed. (0x12B)
[0912/205052.798:ERROR:process_memory_win.cc(73)] ReadMemory at 0x7ff6803b8000 of 6024 bytes failed: Only part of a ReadProcessMemory or WriteProcessMemory request was completed. (0x12B)
[0912/205052.798:ERROR:process_memory_win.cc(73)] ReadMemory at 0x7ff6803ba000 of 6024 bytes failed: Only part of a ReadProcessMemory or WriteProcessMemory request was completed. (0x12B)
[0912/205052.798:ERROR:process_memory_win.cc(73)] ReadMemory at 0x7ff6803bc000 of 6024 bytes failed: Only part of a ReadProcessMemory or WriteProcessMemory request was completed. (0x12B)
[0912/205052.798:ERROR:process_memory_win.cc(73)] ReadMemory at 0x7ff6803be000 of 6024 bytes failed: Only part of a ReadProcessMemory or WriteProcessMemory request was completed. (0x12B)
[0912/205052.798:ERROR:process_memory_win.cc(73)] ReadMemory at 0x7ffd3187b6c8 of 520 bytes failed: Only part of a ReadProcessMemory or WriteProcessMemory request was completed. (0x12B)
[0912/205052.798:ERROR:process_memory_win.cc(73)] ReadMemory at 0x7ffd36ad5160 of 512 bytes failed: Only part of a ReadProcessMemory or WriteProcessMemory request was completed. (0x12B)
[0912/205052.798:ERROR:process_memory_win.cc(73)] ReadMemory at 0x7ffd36ad5867 of 512 bytes failed: Only part of a ReadProcessMemory or WriteProcessMemory request was completed. (0x12B)
[0912/205052.798:ERROR:process_memory_win.cc(73)] ReadMemory at 0x7ffd4b740fb0 of 512 bytes failed: Only part of a ReadProcessMemory or WriteProcessMemory request was completed. (0x12B)
[0912/205052.798:ERROR:process_memory_win.cc(73)] ReadMemory at 0x7ffd4d865750 of 512 bytes failed: Only part of a ReadProcessMemory or WriteProcessMemory request was completed. (0x12B)
[0912/205052.798:ERROR:process_memory_win.cc(73)] ReadMemory at 0x7ffd4d8695e0 of 18 bytes failed: Only part of a ReadProcessMemory or WriteProcessMemory request was completed. (0x12B)
[0912/205052.798:ERROR:process_memory_win.cc(73)] ReadMemory at 0x7ffd4d87c7e0 of 512 bytes failed: Only part of a ReadProcessMemory or WriteProcessMemory request was completed. (0x12B)
[0912/205052.798:ERROR:process_memory_win.cc(73)] ReadMemory at 0x7ffd4d89521c of 512 bytes failed: Only part of a ReadProcessMemory or WriteProcessMemory request was completed. (0x12B)
[0912/205052.798:ERROR:process_memory_win.cc(73)] ReadMemory at 0x7ffd4d89a850 of 512 bytes failed: Only part of a ReadProcessMemory or WriteProcessMemory request was completed. (0x12B)
[0912/205052.798:ERROR:process_memory_win.cc(73)] ReadMemory at 0x7ffd4d8f06ca of 592 bytes failed: Only part of a ReadProcessMemory or WriteProcessMemory request was completed. (0x12B)
[0912/205052.798:ERROR:process_memory_win.cc(73)] ReadMemory at 0x7ffd4d8f214a of 560 bytes failed: Only part of a ReadProcessMemory or WriteProcessMemory request was completed. (0x12B)
[0912/205052.798:ERROR:process_memory_win.cc(73)] ReadMemory at 0x7ffd4d8f46cb of 512 bytes failed: Only part of a ReadProcessMemory or WriteProcessMemory request was completed. (0x12B)
[0912/205052.798:ERROR:process_memory_win.cc(73)] ReadMemory at 0x7ffd4d98e8a8 of 40 bytes failed: Only part of a ReadProcessMemory or WriteProcessMemory request was completed. (0x12B)
[0912/205052.798:ERROR:process_memory_win.cc(73)] ReadMemory at 0x7ffd4d98ebe0 of 48 bytes failed: Only part of a ReadProcessMemory or WriteProcessMemory request was completed. (0x12B)
[0912/205052.798:ERROR:process_memory_win.cc(73)] ReadMemory at 0x7ffd4d991320 of 64 bytes failed: Only part of a ReadProcessMemory or WriteProcessMemory request was completed. (0x12B)
[0912/205052.798:ERROR:scoped_process_suspend.cc(40)] NtResumeProcess: An attempt was made to access an exiting process. (0xc000010a)
